<?xml version="1.0" encoding="UTF-8"?>
<!-- Generated by org.testng.reporters.JUnitReportReporter -->
<testsuite skipped="0" hostname="C02VL0LMHV2H.local" name="org.example.SimpleTest" tests="2" failures="0" timestamp="25 Mar 2020 10:43:03 GMT" time="5.570" errors="0">
  <testcase name="aSlowTest" time="5.569" classname="org.example.SimpleTest"/>
  <testcase name="aFastTest" time="0.001" classname="org.example.SimpleTest"/>
</testsuite> <!-- org.example.SimpleTest -->
